make[2]: *** No rule to make target '/usr/lib/x86_64-linux-gnu/libsdformat9.so.9.7.0', needed by '/home/eyup/catkin_ws4/devel/.private/hector_gazebo_thermal_camera/lib/libgazebo_ros_thermal_depth_camera.so'.  Stop.
make[2]: *** Waiting for unfinished jobs....
make[2]: *** No rule to make target '/usr/lib/x86_64-linux-gnu/libsdformat9.so.9.7.0', needed by '/home/eyup/catkin_ws4/devel/.private/hector_gazebo_thermal_camera/lib/libgazebo_ros_thermal_camera.so'.  Stop.
make[2]: *** Waiting for unfinished jobs....
In file included from [01m[K/usr/include/gazebo-11/gazebo/physics/ModelState.hh:28[m[K,
                 from [01m[K/usr/include/gazebo-11/gazebo/physics/Model.hh:29[m[K,
                 from [01m[K/usr/include/gazebo-11/gazebo/physics/Actor.hh:27[m[K,
                 from [01m[K/usr/include/gazebo-11/gazebo/physics/physics.hh:2[m[K,
                 from [01m[K/opt/ros/noetic/include/gazebo_plugins/gazebo_ros_camera_utils.h:45[m[K,
                 from [01m[K/home/eyup/catkin_ws4/src/hector_quadrotor_sim/hector_gazebo/hector_gazebo_thermal_camera/include/hector_gazebo_thermal_camera/gazebo_ros_thermal_camera.h:57[m[K,
                 from [01m[K/home/eyup/catkin_ws4/src/hector_quadrotor_sim/hector_gazebo/hector_gazebo_thermal_camera/src/gazebo_ros_thermal_camera.cpp:53[m[K,
                 from [01m[K/home/eyup/catkin_ws4/src/hector_quadrotor_sim/hector_gazebo/hector_gazebo_thermal_camera/src/gazebo_ros_thermal_camera_plugin.cpp:29[m[K:
[01m[K/usr/include/gazebo-11/gazebo/physics/State.hh:26:10:[m[K [01;31m[Kfatal error: [m[Ksdf/sdf.hh: No such file or directory
   26 | #include [01;31m[K<sdf/sdf.hh>[m[K
      |          [01;31m[K^~~~~~~~~~~~[m[K
compilation terminated.
make[2]: *** [CMakeFiles/gazebo_ros_thermal_camera.dir/build.make:63: CMakeFiles/gazebo_ros_thermal_camera.dir/src/gazebo_ros_thermal_camera_plugin.cpp.o] Error 1
make[1]: *** [CMakeFiles/Makefile2:2525: CMakeFiles/gazebo_ros_thermal_camera.dir/all] Error 2
make[1]: *** Waiting for unfinished jobs....
In file included from [01m[K/usr/include/gazebo-11/gazebo/physics/ModelState.hh:28[m[K,
                 from [01m[K/usr/include/gazebo-11/gazebo/physics/Model.hh:29[m[K,
                 from [01m[K/usr/include/gazebo-11/gazebo/physics/Actor.hh:27[m[K,
                 from [01m[K/usr/include/gazebo-11/gazebo/physics/physics.hh:2[m[K,
                 from [01m[K/opt/ros/noetic/include/gazebo_plugins/gazebo_ros_camera_utils.h:45[m[K,
                 from [01m[K/home/eyup/catkin_ws4/src/hector_quadrotor_sim/hector_gazebo/hector_gazebo_thermal_camera/include/hector_gazebo_thermal_camera/gazebo_ros_thermal_camera.h:57[m[K,
                 from [01m[K/home/eyup/catkin_ws4/src/hector_quadrotor_sim/hector_gazebo/hector_gazebo_thermal_camera/src/gazebo_ros_thermal_camera.cpp:53[m[K,
                 from [01m[K/home/eyup/catkin_ws4/src/hector_quadrotor_sim/hector_gazebo/hector_gazebo_thermal_camera/src/gazebo_ros_thermal_depth_camera_plugin.cpp:29[m[K:
[01m[K/usr/include/gazebo-11/gazebo/physics/State.hh:26:10:[m[K [01;31m[Kfatal error: [m[Ksdf/sdf.hh: No such file or directory
   26 | #include [01;31m[K<sdf/sdf.hh>[m[K
      |          [01;31m[K^~~~~~~~~~~~[m[K
compilation terminated.
make[2]: *** [CMakeFiles/gazebo_ros_thermal_depth_camera.dir/build.make:63: CMakeFiles/gazebo_ros_thermal_depth_camera.dir/src/gazebo_ros_thermal_depth_camera_plugin.cpp.o] Error 1
make[1]: *** [CMakeFiles/Makefile2:230: CMakeFiles/gazebo_ros_thermal_depth_camera.dir/all] Error 2
make: *** [Makefile:141: all] Error 2
